{"message":"   [Error inside 'unhandledRejection' event]","level":"error"}
{"message":"   [Error inside 'unhandledRejection' event]","level":"error"}
{"message":"   GET /boards/6affbd16-26be-4e5e-9406-8c15e5d78ef1 *** 400 Board not found","level":"error"}
{"message":"   GET /boards/e3487b85-31ec-4f9c-a33c-05fb385f8fef/tasks/undefined *** 400 Task not found","level":"error"}
{"message":"   GET /boards/9d80f392-081e-4404-8b9b-579d373a4148/tasks/9960057c-431a-4287-a7be-a8ba7d10ae91 *** 400 Task not found","level":"error"}
{"message":"   GET /boards/9d80f392-081e-4404-8b9b-579d373a4148/tasks/f93b192f-b9c0-4eb4-b8e0-0f726556d936 *** 400 Task not found","level":"error"}
{"message":"   GET /boards/9d80f392-081e-4404-8b9b-579d373a4148/tasks/1821fa8e-789a-4e80-a046-4d94bbc03a77 *** 400 Task not found","level":"error"}
{"message":"   GET /boards/9d80f392-081e-4404-8b9b-579d373a4148/tasks/59c71679-8e3c-444e-a1fd-07e98e5ed4a9 *** 400 Task not found","level":"error"}
{"message":"   GET /boards/9d80f392-081e-4404-8b9b-579d373a4148/tasks/9da0c77c-26f3-432f-bee5-e288563bbc2e *** 400 Task not found","level":"error"}
{"message":"   GET /boards/c2148f24-5a49-435d-8de3-4e9af5fd331d *** 400 Board not found","level":"error"}
{"message":"   GET /boards/335a9355-b04e-4829-98ac-ee043e7b30ad/tasks/76ba46b7-dd5f-4882-924d-0b7737d6d89b *** 400 Task not found","level":"error"}
{"message":"   GET /boards/335a9355-b04e-4829-98ac-ee043e7b30ad/tasks/85a51784-ccbc-48d9-8dc5-e2ef58f0d3e4 *** 400 Task not found","level":"error"}
{"message":"   GET /boards/335a9355-b04e-4829-98ac-ee043e7b30ad/tasks/d5ef18be-856a-4f15-b6e4-296cc90a0aff *** 400 Task not found","level":"error"}
{"message":"   GET /boards/335a9355-b04e-4829-98ac-ee043e7b30ad/tasks/f275c390-df23-4df1-aa55-afc8415f844a *** 400 Task not found","level":"error"}
{"message":"   GET /boards/335a9355-b04e-4829-98ac-ee043e7b30ad/tasks/9b1646fd-1b8f-4af9-934d-c0742ac48a1f *** 400 Task not found","level":"error"}
{"message":"   GET /boards/f86eb91a-2a85-44f8-bbae-8304870a739f/tasks/undefined *** 400 Task not found","level":"error"}
{"message":"   GET /boards/d4eb3718-eb23-4d4f-a823-5e8d1e917f61 *** 400 Board not found","level":"error"}
{"message":"   GET /boards/de8e3520-9606-44ef-ae20-c264eade3b55/tasks/edc47306-de00-4e65-a943-7f3fa26f3561 *** 400 Task not found","level":"error"}
{"message":"   GET /boards/de8e3520-9606-44ef-ae20-c264eade3b55/tasks/06b49ac8-120b-4437-9073-03406aeecccb *** 400 Task not found","level":"error"}
{"message":"   GET /boards/de8e3520-9606-44ef-ae20-c264eade3b55/tasks/7cc163b0-2e87-43f1-ac64-10682c9bf3ce *** 400 Task not found","level":"error"}
{"message":"   GET /boards/de8e3520-9606-44ef-ae20-c264eade3b55/tasks/5a195827-e099-45f2-a033-dac677028f71 *** 400 Task not found","level":"error"}
{"message":"   GET /boards/de8e3520-9606-44ef-ae20-c264eade3b55/tasks/27bd2ba0-66f3-4b82-b433-0919ebac022e *** 400 Task not found","level":"error"}
{"message":"   GET /boards/a215ffe7-3cb1-4f87-a37f-da682c12b2b2/tasks/undefined *** 400 Task not found","level":"error"}
{"message":"   GET /boards/058e2450-9c4a-435b-8325-407f64e0d331 *** 400 Board not found","level":"error"}
{"message":"   GET /boards/58c683f3-539e-43c0-a7f0-8ab328f7507b/tasks/e40a26c6-88e0-4298-9215-a4ef52041b83 *** 400 Task not found","level":"error"}
{"message":"   GET /boards/58c683f3-539e-43c0-a7f0-8ab328f7507b/tasks/b3548085-51b4-4abb-b0ec-f7e478fd5a22 *** 400 Task not found","level":"error"}
{"message":"   GET /boards/58c683f3-539e-43c0-a7f0-8ab328f7507b/tasks/5a5e1b01-5347-48b5-8d65-b22da2d5a731 *** 400 Task not found","level":"error"}
{"message":"   GET /boards/58c683f3-539e-43c0-a7f0-8ab328f7507b/tasks/d605ddfa-f65c-4644-96bf-ade61fc55112 *** 400 Task not found","level":"error"}
{"message":"   GET /boards/58c683f3-539e-43c0-a7f0-8ab328f7507b/tasks/f16ea257-adb2-410a-8a55-33e8aa7b79c9 *** 400 Task not found","level":"error"}
{"message":"   GET /boards/8760a603-3ddd-44d2-9ce6-65efd88a26c0/tasks/undefined *** 400 Task not found","level":"error"}
{"message":"   GET /boards/124f28ac-0ff5-4f1d-967e-9dc2345af69d *** 400 Board not found","level":"error"}
{"message":"   GET /boards/242a0c20-869c-41ff-899e-5f9836000080/tasks/e789dfc1-63e2-42ea-8bb8-b9ec3317c4ef *** 400 Task not found","level":"error"}
{"message":"   GET /boards/242a0c20-869c-41ff-899e-5f9836000080/tasks/54b6fe9c-b030-4027-8e97-71243ad0f84a *** 400 Task not found","level":"error"}
{"message":"   GET /boards/242a0c20-869c-41ff-899e-5f9836000080/tasks/23dc10bb-735f-42dd-ad61-b52c9edf02ee *** 400 Task not found","level":"error"}
{"message":"   GET /boards/242a0c20-869c-41ff-899e-5f9836000080/tasks/42224290-27cc-4f1e-b3f0-3be4f426d8da *** 400 Task not found","level":"error"}
{"message":"   GET /boards/242a0c20-869c-41ff-899e-5f9836000080/tasks/e4164926-58bb-4ef8-8fcc-fd65a974ade3 *** 400 Task not found","level":"error"}
{"message":"   GET /boards/4db8123d-f8d0-4daf-9b5c-edd15a67a23b/tasks/undefined *** 400 Task not found","level":"error"}
{"message":"   GET /boards/724917a1-34b9-40ac-a223-cde83e534a2e *** 404 Board not found","level":"error"}
{"message":"   GET /boards/24234dc4-54c0-4703-a147-8f6cd21ceda1/tasks/cfc630fc-1ae4-495e-b370-78b84f980597 *** 400 Task not found","level":"error"}
{"message":"   GET /boards/24234dc4-54c0-4703-a147-8f6cd21ceda1/tasks/07032114-d1c1-4ecc-9068-77449b836616 *** 400 Task not found","level":"error"}
{"message":"   GET /boards/24234dc4-54c0-4703-a147-8f6cd21ceda1/tasks/0067c513-d25f-4482-930f-817fc61064da *** 400 Task not found","level":"error"}
{"message":"   GET /boards/24234dc4-54c0-4703-a147-8f6cd21ceda1/tasks/15fbc44f-1d49-496a-836d-bbe7e6ff0663 *** 400 Task not found","level":"error"}
{"message":"   GET /boards/24234dc4-54c0-4703-a147-8f6cd21ceda1/tasks/81518a14-6db4-4867-b7d2-65a41fb39826 *** 400 Task not found","level":"error"}
{"message":"   GET /boards/c2872670-4574-4dbb-9a6f-01262ce7c767/tasks/undefined *** 400 Task not found","level":"error"}
{"message":"   GET /boards/5a7d0244-989c-4798-9a05-9b772fdb4b17 *** 404 Board not found","level":"error"}
{"message":"   GET /boards/ab3ff6da-3f49-456e-b518-6b66cbc79f9d/tasks/848d7542-ca9b-4525-89a2-8fb31713d693 *** 404 Task not found","level":"error"}
{"message":"   GET /boards/ab3ff6da-3f49-456e-b518-6b66cbc79f9d/tasks/3430989e-c114-4b34-b642-2b55bf1cdd7e *** 404 Task not found","level":"error"}
{"message":"   GET /boards/ab3ff6da-3f49-456e-b518-6b66cbc79f9d/tasks/43f135b4-6695-4eaf-b668-f54e29586fa9 *** 404 Task not found","level":"error"}
{"message":"   GET /boards/ab3ff6da-3f49-456e-b518-6b66cbc79f9d/tasks/a652dd29-b307-4c3a-95dd-9b95cb38915f *** 404 Task not found","level":"error"}
{"message":"   GET /boards/ab3ff6da-3f49-456e-b518-6b66cbc79f9d/tasks/9e6c480c-a0b2-4029-be51-8cc17801b162 *** 404 Task not found","level":"error"}
{"message":"   GET /boards/284840ab-f7b8-4107-95a4-125f68426e9e/tasks/undefined *** 404 Task not found","level":"error"}
